[
  {
    "DeviceName": "MPOD-Leaf-01",
    "DMEChunkMap": {
      "bgpDomAf": [
        {
          "bgpDom.allocIndex": 0,
          "bgpDom.always": "disabled",
          "bgpDom.bestPathIntvl": 300,
          "bgpDom.clusterId": "",
          "bgpDom.holdIntvl": 180,
          "bgpDom.kaIntvl": 60,
          "bgpDom.localAsn": "",
          "bgpDom.maxAsLimit": 0,
          "bgpDom.mode": "fabric",
          "bgpDom.name": "default",
          "bgpDom.pfxPeerTimeout": 90,
          "bgpDom.pfxPeerWaitTime": 90,
          "bgpDom.reConnIntvl": 60,
          "bgpDom.rn": "dom-default",
          "bgpDom.rtrId": "172.31.201.23",
          "bgpDomAf.advPip": "enabled",
          "bgpDomAf.advSysMac": "disabled",
          "bgpDomAf.advertL2vpnEvpn": "disabled",
          "bgpDomAf.allocLblAll": "disabled",
          "bgpDomAf.allocLblOptB": "enabled",
          "bgpDomAf.allocLblRtMap": "",
          "bgpDomAf.clReflection": "enabled",
          "bgpDomAf.critNhTimeout": 1,
          "bgpDomAf.defInfOrigRd": "unknown:unknown:0:0",
          "bgpDomAf.defInfOrigRtt": "unknown:unknown:0:0",
          "bgpDomAf.defInfOriginate": "disabled",
          "bgpDomAf.defMetric": "",
          "bgpDomAf.exportGwIp": "disabled",
          "bgpDomAf.igpMetric": 600,
          "bgpDomAf.lblAllocMod": "disabled",
          "bgpDomAf.maxEcmp": 1,
          "bgpDomAf.maxExtEcmp": 1,
          "bgpDomAf.maxExtIntEcmp": 1,
          "bgpDomAf.maxMxdEcmp": 1,
          "bgpDomAf.nhRtMap": "",
          "bgpDomAf.nonCritNhTimeout": 1,
          "bgpDomAf.retainRttAll": "disabled",
          "bgpDomAf.retainRttRtMap": "",
          "bgpDomAf.rn": "af-[l2vpn-evpn]",
          "bgpDomAf.supprInactive": "disabled",
          "bgpDomAf.tblMap": "",
          "bgpDomAf.tblMapFltr": "disabled",
          "bgpDomAf.tmrBstpthDfr": 0,
          "bgpDomAf.tmrMax": 0,
          "bgpDomAf.type": "l2vpn-evpn",
          "bgpDomAf.vniEthTag": "disabled",
          "bgpDomAf.waitIgpConv": "disabled",
          "bgpEntity.adminSt": "enabled",
          "bgpEntity.name": "bgp",
          "bgpEntity.rn": "bgp",
          "bgpInst.adminSt": "enabled",
          "bgpInst.affGrpActv": 0,
          "bgpInst.asn": 64911,
          "bgpInst.ctrl": "fastExtFallover",
          "bgpInst.disPolBatch": "disabled",
          "bgpInst.disPolBatchv4PfxLst": "",
          "bgpInst.disPolBatchv6PfxLst": "",
          "bgpInst.enhancedErr": "no",
          "bgpInst.fabricSoo": "unknown:unknown:0:0",
          "bgpInst.flushRoutes": "disabled",
          "bgpInst.isolate": "disabled",
          "bgpInst.medDampIntvl": 0,
          "bgpInst.name": "bgp",
          "bgpInst.nhSupprDefRes": "disabled",
          "bgpInst.rn": "inst",
          "topSystem.dn": "sys",
          "topSystem.name": "MPOD-Leaf-01",
          "totalCount": 1
        },
        {
          "bgpDom.allocIndex": 0,
          "bgpDom.always": "disabled",
          "bgpDom.bestPathIntvl": 300,
          "bgpDom.clusterId": "",
          "bgpDom.holdIntvl": 180,
          "bgpDom.kaIntvl": 60,
          "bgpDom.localAsn": "",
          "bgpDom.maxAsLimit": 0,
          "bgpDom.mode": "fabric",
          "bgpDom.name": "default",
          "bgpDom.pfxPeerTimeout": 90,
          "bgpDom.pfxPeerWaitTime": 90,
          "bgpDom.reConnIntvl": 60,
          "bgpDom.rn": "dom-default",
          "bgpDom.rtrId": "172.31.201.23",
          "bgpDomAf.advPip": "disabled",
          "bgpDomAf.advSysMac": "disabled",
          "bgpDomAf.advertL2vpnEvpn": "disabled",
          "bgpDomAf.allocLblAll": "disabled",
          "bgpDomAf.allocLblOptB": "enabled",
          "bgpDomAf.allocLblRtMap": "",
          "bgpDomAf.clReflection": "enabled",
          "bgpDomAf.critNhTimeout": "crit",
          "bgpDomAf.defInfOrigRd": "unknown:unknown:0:0",
          "bgpDomAf.defInfOrigRtt": "unknown:unknown:0:0",
          "bgpDomAf.defInfOriginate": "disabled",
          "bgpDomAf.defMetric": "",
          "bgpDomAf.exportGwIp": "disabled",
          "bgpDomAf.igpMetric": 600,
          "bgpDomAf.lblAllocMod": "disabled",
          "bgpDomAf.maxEcmp": 1,
          "bgpDomAf.maxExtEcmp": 1,
          "bgpDomAf.maxExtIntEcmp": 1,
          "bgpDomAf.maxMxdEcmp": 1,
          "bgpDomAf.nhRtMap": "",
          "bgpDomAf.nonCritNhTimeout": "noncrit",
          "bgpDomAf.retainRttAll": "disabled",
          "bgpDomAf.retainRttRtMap": "",
          "bgpDomAf.rn": "af-[ipv4-ucast]",
          "bgpDomAf.supprInactive": "disabled",
          "bgpDomAf.tblMap": "",
          "bgpDomAf.tblMapFltr": "disabled",
          "bgpDomAf.tmrBstpthDfr": 0,
          "bgpDomAf.tmrMax": 0,
          "bgpDomAf.type": "ipv4-ucast",
          "bgpDomAf.vniEthTag": "disabled",
          "bgpDomAf.waitIgpConv": "disabled",
          "bgpEntity.adminSt": "enabled",
          "bgpEntity.name": "bgp",
          "bgpEntity.rn": "bgp",
          "bgpInst.adminSt": "enabled",
          "bgpInst.affGrpActv": 0,
          "bgpInst.asn": 64911,
          "bgpInst.ctrl": "fastExtFallover",
          "bgpInst.disPolBatch": "disabled",
          "bgpInst.disPolBatchv4PfxLst": "",
          "bgpInst.disPolBatchv6PfxLst": "",
          "bgpInst.enhancedErr": "no",
          "bgpInst.fabricSoo": "unknown:unknown:0:0",
          "bgpInst.flushRoutes": "disabled",
          "bgpInst.isolate": "disabled",
          "bgpInst.medDampIntvl": 0,
          "bgpInst.name": "bgp",
          "bgpInst.nhSupprDefRes": "disabled",
          "bgpInst.rn": "inst",
          "topSystem.dn": "sys",
          "topSystem.name": "MPOD-Leaf-01",
          "totalCount": 1
        },
        {
          "bgpDom.allocIndex": 0,
          "bgpDom.always": "disabled",
          "bgpDom.bestPathIntvl": 300,
          "bgpDom.clusterId": "",
          "bgpDom.holdIntvl": 180,
          "bgpDom.kaIntvl": 60,
          "bgpDom.localAsn": "",
          "bgpDom.maxAsLimit": 0,
          "bgpDom.mode": "fabric",
          "bgpDom.name": "iMZ",
          "bgpDom.pfxPeerTimeout": 90,
          "bgpDom.pfxPeerWaitTime": 90,
          "bgpDom.reConnIntvl": 60,
          "bgpDom.rn": "dom-iMZ",
          "bgpDom.rtrId": "0.0.0.0",
          "bgpDomAf.advPip": "disabled",
          "bgpDomAf.advSysMac": "disabled",
          "bgpDomAf.advertL2vpnEvpn": "enabled",
          "bgpDomAf.allocLblAll": "disabled",
          "bgpDomAf.allocLblOptB": "enabled",
          "bgpDomAf.allocLblRtMap": "",
          "bgpDomAf.clReflection": "enabled",
          "bgpDomAf.critNhTimeout": "crit",
          "bgpDomAf.defInfOrigRd": "unknown:unknown:0:0",
          "bgpDomAf.defInfOrigRtt": "unknown:unknown:0:0",
          "bgpDomAf.defInfOriginate": "disabled",
          "bgpDomAf.defMetric": "",
          "bgpDomAf.exportGwIp": "disabled",
          "bgpDomAf.igpMetric": 600,
          "bgpDomAf.lblAllocMod": "disabled",
          "bgpDomAf.maxEcmp": 4,
          "bgpDomAf.maxExtEcmp": 1,
          "bgpDomAf.maxExtIntEcmp": 1,
          "bgpDomAf.maxMxdEcmp": 1,
          "bgpDomAf.nhRtMap": "",
          "bgpDomAf.nonCritNhTimeout": "noncrit",
          "bgpDomAf.retainRttAll": "disabled",
          "bgpDomAf.retainRttRtMap": "",
          "bgpDomAf.rn": "af-[ipv4-ucast]",
          "bgpDomAf.supprInactive": "disabled",
          "bgpDomAf.tblMap": "",
          "bgpDomAf.tblMapFltr": "disabled",
          "bgpDomAf.tmrBstpthDfr": 0,
          "bgpDomAf.tmrMax": 0,
          "bgpDomAf.type": "ipv4-ucast",
          "bgpDomAf.vniEthTag": "disabled",
          "bgpDomAf.waitIgpConv": "disabled",
          "bgpEntity.adminSt": "enabled",
          "bgpEntity.name": "bgp",
          "bgpEntity.rn": "bgp",
          "bgpInst.adminSt": "enabled",
          "bgpInst.affGrpActv": 0,
          "bgpInst.asn": 64911,
          "bgpInst.ctrl": "fastExtFallover",
          "bgpInst.disPolBatch": "disabled",
          "bgpInst.disPolBatchv4PfxLst": "",
          "bgpInst.disPolBatchv6PfxLst": "",
          "bgpInst.enhancedErr": "no",
          "bgpInst.fabricSoo": "unknown:unknown:0:0",
          "bgpInst.flushRoutes": "disabled",
          "bgpInst.isolate": "disabled",
          "bgpInst.medDampIntvl": 0,
          "bgpInst.name": "bgp",
          "bgpInst.nhSupprDefRes": "disabled",
          "bgpInst.rn": "inst",
          "bgpInterLeakP.asn": "none",
          "bgpInterLeakP.inst": "none",
          "bgpInterLeakP.proto": "direct",
          "bgpInterLeakP.rn": "interleak-direct-interleak-none",
          "bgpInterLeakP.rtMap": "RM-REDIST-SUBNET-iMZ",
          "bgpInterLeakP.scope": "inter",
          "bgpInterLeakP.srv6PrefixType": "unspecified",
          "topSystem.dn": "sys",
          "topSystem.name": "MPOD-Leaf-01",
          "totalCount": 1
        },
        {
          "bgpDom.allocIndex": 0,
          "bgpDom.always": "disabled",
          "bgpDom.bestPathIntvl": 300,
          "bgpDom.clusterId": "",
          "bgpDom.holdIntvl": 180,
          "bgpDom.kaIntvl": 60,
          "bgpDom.localAsn": "",
          "bgpDom.maxAsLimit": 0,
          "bgpDom.mode": "fabric",
          "bgpDom.name": "i39Z",
          "bgpDom.pfxPeerTimeout": 90,
          "bgpDom.pfxPeerWaitTime": 90,
          "bgpDom.reConnIntvl": 60,
          "bgpDom.rn": "dom-i39Z",
          "bgpDom.rtrId": "0.0.0.0",
          "bgpDomAf.advPip": "disabled",
          "bgpDomAf.advSysMac": "disabled",
          "bgpDomAf.advertL2vpnEvpn": "enabled",
          "bgpDomAf.allocLblAll": "disabled",
          "bgpDomAf.allocLblOptB": "enabled",
          "bgpDomAf.allocLblRtMap": "",
          "bgpDomAf.clReflection": "enabled",
          "bgpDomAf.critNhTimeout": "crit",
          "bgpDomAf.defInfOrigRd": "unknown:unknown:0:0",
          "bgpDomAf.defInfOrigRtt": "unknown:unknown:0:0",
          "bgpDomAf.defInfOriginate": "disabled",
          "bgpDomAf.defMetric": "",
          "bgpDomAf.exportGwIp": "disabled",
          "bgpDomAf.igpMetric": 600,
          "bgpDomAf.lblAllocMod": "disabled",
          "bgpDomAf.maxEcmp": 4,
          "bgpDomAf.maxExtEcmp": 1,
          "bgpDomAf.maxExtIntEcmp": 1,
          "bgpDomAf.maxMxdEcmp": 1,
          "bgpDomAf.nhRtMap": "",
          "bgpDomAf.nonCritNhTimeout": "noncrit",
          "bgpDomAf.retainRttAll": "disabled",
          "bgpDomAf.retainRttRtMap": "",
          "bgpDomAf.rn": "af-[ipv4-ucast]",
          "bgpDomAf.supprInactive": "disabled",
          "bgpDomAf.tblMap": "",
          "bgpDomAf.tblMapFltr": "disabled",
          "bgpDomAf.tmrBstpthDfr": 0,
          "bgpDomAf.tmrMax": 0,
          "bgpDomAf.type": "ipv4-ucast",
          "bgpDomAf.vniEthTag": "disabled",
          "bgpDomAf.waitIgpConv": "disabled",
          "bgpEntity.adminSt": "enabled",
          "bgpEntity.name": "bgp",
          "bgpEntity.rn": "bgp",
          "bgpInst.adminSt": "enabled",
          "bgpInst.affGrpActv": 0,
          "bgpInst.asn": 64911,
          "bgpInst.ctrl": "fastExtFallover",
          "bgpInst.disPolBatch": "disabled",
          "bgpInst.disPolBatchv4PfxLst": "",
          "bgpInst.disPolBatchv6PfxLst": "",
          "bgpInst.enhancedErr": "no",
          "bgpInst.fabricSoo": "unknown:unknown:0:0",
          "bgpInst.flushRoutes": "disabled",
          "bgpInst.isolate": "disabled",
          "bgpInst.medDampIntvl": 0,
          "bgpInst.name": "bgp",
          "bgpInst.nhSupprDefRes": "disabled",
          "bgpInst.rn": "inst",
          "bgpInterLeakP.asn": "none",
          "bgpInterLeakP.inst": "none",
          "bgpInterLeakP.proto": "direct",
          "bgpInterLeakP.rn": "interleak-direct-interleak-none",
          "bgpInterLeakP.rtMap": "RM-REDIST-SUBNET-i39Z",
          "bgpInterLeakP.scope": "inter",
          "bgpInterLeakP.srv6PrefixType": "unspecified",
          "topSystem.dn": "sys",
          "topSystem.name": "MPOD-Leaf-01",
          "totalCount": 1
        },
        {
          "bgpDom.allocIndex": 0,
          "bgpDom.always": "disabled",
          "bgpDom.bestPathIntvl": 300,
          "bgpDom.clusterId": "",
          "bgpDom.holdIntvl": 180,
          "bgpDom.kaIntvl": 60,
          "bgpDom.localAsn": "",
          "bgpDom.maxAsLimit": 0,
          "bgpDom.mode": "fabric",
          "bgpDom.name": "iAZ",
          "bgpDom.pfxPeerTimeout": 90,
          "bgpDom.pfxPeerWaitTime": 90,
          "bgpDom.reConnIntvl": 60,
          "bgpDom.rn": "dom-iAZ",
          "bgpDom.rtrId": "0.0.0.0",
          "bgpDomAf.advPip": "disabled",
          "bgpDomAf.advSysMac": "disabled",
          "bgpDomAf.advertL2vpnEvpn": "enabled",
          "bgpDomAf.allocLblAll": "disabled",
          "bgpDomAf.allocLblOptB": "enabled",
          "bgpDomAf.allocLblRtMap": "",
          "bgpDomAf.clReflection": "enabled",
          "bgpDomAf.critNhTimeout": "crit",
          "bgpDomAf.defInfOrigRd": "unknown:unknown:0:0",
          "bgpDomAf.defInfOrigRtt": "unknown:unknown:0:0",
          "bgpDomAf.defInfOriginate": "disabled",
          "bgpDomAf.defMetric": "",
          "bgpDomAf.exportGwIp": "disabled",
          "bgpDomAf.igpMetric": 600,
          "bgpDomAf.lblAllocMod": "disabled",
          "bgpDomAf.maxEcmp": 4,
          "bgpDomAf.maxExtEcmp": 1,
          "bgpDomAf.maxExtIntEcmp": 1,
          "bgpDomAf.maxMxdEcmp": 1,
          "bgpDomAf.nhRtMap": "",
          "bgpDomAf.nonCritNhTimeout": "noncrit",
          "bgpDomAf.retainRttAll": "disabled",
          "bgpDomAf.retainRttRtMap": "",
          "bgpDomAf.rn": "af-[ipv4-ucast]",
          "bgpDomAf.supprInactive": "disabled",
          "bgpDomAf.tblMap": "",
          "bgpDomAf.tblMapFltr": "disabled",
          "bgpDomAf.tmrBstpthDfr": 0,
          "bgpDomAf.tmrMax": 0,
          "bgpDomAf.type": "ipv4-ucast",
          "bgpDomAf.vniEthTag": "disabled",
          "bgpDomAf.waitIgpConv": "disabled",
          "bgpEntity.adminSt": "enabled",
          "bgpEntity.name": "bgp",
          "bgpEntity.rn": "bgp",
          "bgpInst.adminSt": "enabled",
          "bgpInst.affGrpActv": 0,
          "bgpInst.asn": 64911,
          "bgpInst.ctrl": "fastExtFallover",
          "bgpInst.disPolBatch": "disabled",
          "bgpInst.disPolBatchv4PfxLst": "",
          "bgpInst.disPolBatchv6PfxLst": "",
          "bgpInst.enhancedErr": "no",
          "bgpInst.fabricSoo": "unknown:unknown:0:0",
          "bgpInst.flushRoutes": "disabled",
          "bgpInst.isolate": "disabled",
          "bgpInst.medDampIntvl": 0,
          "bgpInst.name": "bgp",
          "bgpInst.nhSupprDefRes": "disabled",
          "bgpInst.rn": "inst",
          "bgpInterLeakP.asn": "none",
          "bgpInterLeakP.inst": "none",
          "bgpInterLeakP.proto": "static",
          "bgpInterLeakP.rn": "interleak-static-interleak-none",
          "bgpInterLeakP.rtMap": "RM-REDIST-STATIC-SUBNET-iAZ",
          "bgpInterLeakP.scope": "inter",
          "bgpInterLeakP.srv6PrefixType": "unspecified",
          "topSystem.dn": "sys",
          "topSystem.name": "MPOD-Leaf-01",
          "totalCount": 1
        },
        {
          "bgpDom.allocIndex": 0,
          "bgpDom.always": "disabled",
          "bgpDom.bestPathIntvl": 300,
          "bgpDom.clusterId": "",
          "bgpDom.holdIntvl": 180,
          "bgpDom.kaIntvl": 60,
          "bgpDom.localAsn": "",
          "bgpDom.maxAsLimit": 0,
          "bgpDom.mode": "fabric",
          "bgpDom.name": "iAZ",
          "bgpDom.pfxPeerTimeout": 90,
          "bgpDom.pfxPeerWaitTime": 90,
          "bgpDom.reConnIntvl": 60,
          "bgpDom.rn": "dom-iAZ",
          "bgpDom.rtrId": "0.0.0.0",
          "bgpDomAf.advPip": "disabled",
          "bgpDomAf.advSysMac": "disabled",
          "bgpDomAf.advertL2vpnEvpn": "enabled",
          "bgpDomAf.allocLblAll": "disabled",
          "bgpDomAf.allocLblOptB": "enabled",
          "bgpDomAf.allocLblRtMap": "",
          "bgpDomAf.clReflection": "enabled",
          "bgpDomAf.critNhTimeout": "crit",
          "bgpDomAf.defInfOrigRd": "unknown:unknown:0:0",
          "bgpDomAf.defInfOrigRtt": "unknown:unknown:0:0",
          "bgpDomAf.defInfOriginate": "disabled",
          "bgpDomAf.defMetric": "",
          "bgpDomAf.exportGwIp": "disabled",
          "bgpDomAf.igpMetric": 600,
          "bgpDomAf.lblAllocMod": "disabled",
          "bgpDomAf.maxEcmp": 4,
          "bgpDomAf.maxExtEcmp": 1,
          "bgpDomAf.maxExtIntEcmp": 1,
          "bgpDomAf.maxMxdEcmp": 1,
          "bgpDomAf.nhRtMap": "",
          "bgpDomAf.nonCritNhTimeout": "noncrit",
          "bgpDomAf.retainRttAll": "disabled",
          "bgpDomAf.retainRttRtMap": "",
          "bgpDomAf.rn": "af-[ipv4-ucast]",
          "bgpDomAf.supprInactive": "disabled",
          "bgpDomAf.tblMap": "",
          "bgpDomAf.tblMapFltr": "disabled",
          "bgpDomAf.tmrBstpthDfr": 0,
          "bgpDomAf.tmrMax": 0,
          "bgpDomAf.type": "ipv4-ucast",
          "bgpDomAf.vniEthTag": "disabled",
          "bgpDomAf.waitIgpConv": "disabled",
          "bgpEntity.adminSt": "enabled",
          "bgpEntity.name": "bgp",
          "bgpEntity.rn": "bgp",
          "bgpInst.adminSt": "enabled",
          "bgpInst.affGrpActv": 0,
          "bgpInst.asn": 64911,
          "bgpInst.ctrl": "fastExtFallover",
          "bgpInst.disPolBatch": "disabled",
          "bgpInst.disPolBatchv4PfxLst": "",
          "bgpInst.disPolBatchv6PfxLst": "",
          "bgpInst.enhancedErr": "no",
          "bgpInst.fabricSoo": "unknown:unknown:0:0",
          "bgpInst.flushRoutes": "disabled",
          "bgpInst.isolate": "disabled",
          "bgpInst.medDampIntvl": 0,
          "bgpInst.name": "bgp",
          "bgpInst.nhSupprDefRes": "disabled",
          "bgpInst.rn": "inst",
          "bgpInterLeakP.asn": "none",
          "bgpInterLeakP.inst": "none",
          "bgpInterLeakP.proto": "direct",
          "bgpInterLeakP.rn": "interleak-direct-interleak-none",
          "bgpInterLeakP.rtMap": "RM-REDIST-SUBNET-iAZ",
          "bgpInterLeakP.scope": "inter",
          "bgpInterLeakP.srv6PrefixType": "unspecified",
          "topSystem.dn": "sys",
          "topSystem.name": "MPOD-Leaf-01",
          "totalCount": 1
        },
        {
          "bgpDom.allocIndex": 0,
          "bgpDom.always": "disabled",
          "bgpDom.bestPathIntvl": 300,
          "bgpDom.clusterId": "",
          "bgpDom.holdIntvl": 180,
          "bgpDom.kaIntvl": 60,
          "bgpDom.localAsn": "",
          "bgpDom.maxAsLimit": 0,
          "bgpDom.mode": "fabric",
          "bgpDom.name": "iBZ",
          "bgpDom.pfxPeerTimeout": 90,
          "bgpDom.pfxPeerWaitTime": 90,
          "bgpDom.reConnIntvl": 60,
          "bgpDom.rn": "dom-iBZ",
          "bgpDom.rtrId": "0.0.0.0",
          "bgpDomAf.advPip": "disabled",
          "bgpDomAf.advSysMac": "disabled",
          "bgpDomAf.advertL2vpnEvpn": "enabled",
          "bgpDomAf.allocLblAll": "disabled",
          "bgpDomAf.allocLblOptB": "enabled",
          "bgpDomAf.allocLblRtMap": "",
          "bgpDomAf.clReflection": "enabled",
          "bgpDomAf.critNhTimeout": "crit",
          "bgpDomAf.defInfOrigRd": "unknown:unknown:0:0",
          "bgpDomAf.defInfOrigRtt": "unknown:unknown:0:0",
          "bgpDomAf.defInfOriginate": "disabled",
          "bgpDomAf.defMetric": "",
          "bgpDomAf.exportGwIp": "disabled",
          "bgpDomAf.igpMetric": 600,
          "bgpDomAf.lblAllocMod": "disabled",
          "bgpDomAf.maxEcmp": 4,
          "bgpDomAf.maxExtEcmp": 1,
          "bgpDomAf.maxExtIntEcmp": 1,
          "bgpDomAf.maxMxdEcmp": 1,
          "bgpDomAf.nhRtMap": "",
          "bgpDomAf.nonCritNhTimeout": "noncrit",
          "bgpDomAf.retainRttAll": "disabled",
          "bgpDomAf.retainRttRtMap": "",
          "bgpDomAf.rn": "af-[ipv4-ucast]",
          "bgpDomAf.supprInactive": "disabled",
          "bgpDomAf.tblMap": "",
          "bgpDomAf.tblMapFltr": "disabled",
          "bgpDomAf.tmrBstpthDfr": 0,
          "bgpDomAf.tmrMax": 0,
          "bgpDomAf.type": "ipv4-ucast",
          "bgpDomAf.vniEthTag": "disabled",
          "bgpDomAf.waitIgpConv": "disabled",
          "bgpEntity.adminSt": "enabled",
          "bgpEntity.name": "bgp",
          "bgpEntity.rn": "bgp",
          "bgpInst.adminSt": "enabled",
          "bgpInst.affGrpActv": 0,
          "bgpInst.asn": 64911,
          "bgpInst.ctrl": "fastExtFallover",
          "bgpInst.disPolBatch": "disabled",
          "bgpInst.disPolBatchv4PfxLst": "",
          "bgpInst.disPolBatchv6PfxLst": "",
          "bgpInst.enhancedErr": "no",
          "bgpInst.fabricSoo": "unknown:unknown:0:0",
          "bgpInst.flushRoutes": "disabled",
          "bgpInst.isolate": "disabled",
          "bgpInst.medDampIntvl": 0,
          "bgpInst.name": "bgp",
          "bgpInst.nhSupprDefRes": "disabled",
          "bgpInst.rn": "inst",
          "bgpInterLeakP.asn": "none",
          "bgpInterLeakP.inst": "none",
          "bgpInterLeakP.proto": "direct",
          "bgpInterLeakP.rn": "interleak-direct-interleak-none",
          "bgpInterLeakP.rtMap": "RM-REDIST-SUBNET-iBZ",
          "bgpInterLeakP.scope": "inter",
          "bgpInterLeakP.srv6PrefixType": "unspecified",
          "topSystem.dn": "sys",
          "topSystem.name": "MPOD-Leaf-01",
          "totalCount": 1
        }
      ],
      "bgpPeer": [
        {
          "bgpDom.allocIndex": 0,
          "bgpDom.always": "disabled",
          "bgpDom.bestPathIntvl": 300,
          "bgpDom.clusterId": "",
          "bgpDom.holdIntvl": 180,
          "bgpDom.kaIntvl": 60,
          "bgpDom.localAsn": "",
          "bgpDom.maxAsLimit": 0,
          "bgpDom.mode": "fabric",
          "bgpDom.name": "default",
          "bgpDom.pfxPeerTimeout": 90,
          "bgpDom.pfxPeerWaitTime": 90,
          "bgpDom.reConnIntvl": 60,
          "bgpDom.rn": "dom-default",
          "bgpDom.rtrId": "172.31.201.23",
          "bgpEntity.adminSt": "enabled",
          "bgpEntity.name": "bgp",
          "bgpEntity.rn": "bgp",
          "bgpInst.adminSt": "enabled",
          "bgpInst.affGrpActv": 0,
          "bgpInst.asn": 64911,
          "bgpInst.ctrl": "fastExtFallover",
          "bgpInst.disPolBatch": "disabled",
          "bgpInst.disPolBatchv4PfxLst": "",
          "bgpInst.disPolBatchv6PfxLst": "",
          "bgpInst.enhancedErr": "no",
          "bgpInst.fabricSoo": "unknown:unknown:0:0",
          "bgpInst.flushRoutes": "disabled",
          "bgpInst.isolate": "disabled",
          "bgpInst.medDampIntvl": 0,
          "bgpInst.name": "bgp",
          "bgpInst.nhSupprDefRes": "disabled",
          "bgpInst.rn": "inst",
          "bgpPeer.addr": "172.31.254.104",
          "bgpPeer.adminSt": "enabled",
          "bgpPeer.affGrp": 0,
          "bgpPeer.asn": "",
          "bgpPeer.bmpSrvId1St": "disabled",
          "bgpPeer.bmpSrvId2St": "disabled",
          "bgpPeer.capSuppr4ByteAsn": "disabled",
          "bgpPeer.connMode": "",
          "bgpPeer.ctrl": "",
          "bgpPeer.dscp": "cs6",
          "bgpPeer.dynRtMap": "",
          "bgpPeer.epe": "disabled",
          "bgpPeer.epePeerSet": "",
          "bgpPeer.holdIntvl": 180,
          "bgpPeer.inheritContPeerCtrl": "",
          "bgpPeer.kaIntvl": 60,
          "bgpPeer.logNbrChgs": "none",
          "bgpPeer.lowMemExempt": "disabled",
          "bgpPeer.maxPeerCnt": 0,
          "bgpPeer.name": "SKO-DATA-AG-011-D04-01-INT",
          "bgpPeer.passwdType": "LINE",
          "bgpPeer.password": "",
          "bgpPeer.peerImp": "SPINE-PEERS",
          "bgpPeer.peerType": "fabric-internal",
          "bgpPeer.privateASctrl": "none",
          "bgpPeer.rn": "peer-[172.31.254.104]",
          "bgpPeer.sessionContImp": "",
          "bgpPeer.srcIf": "unspecified",
          "bgpPeer.ttl": 0,
          "bgpPeer.ttlScrtyHops": 0,
          "topSystem.dn": "sys",
          "topSystem.name": "MPOD-Leaf-01",
          "totalCount": 1
        },
        {
          "bgpDom.allocIndex": 0,
          "bgpDom.always": "disabled",
          "bgpDom.bestPathIntvl": 300,
          "bgpDom.clusterId": "",
          "bgpDom.holdIntvl": 180,
          "bgpDom.kaIntvl": 60,
          "bgpDom.localAsn": "",
          "bgpDom.maxAsLimit": 0,
          "bgpDom.mode": "fabric",
          "bgpDom.name": "default",
          "bgpDom.pfxPeerTimeout": 90,
          "bgpDom.pfxPeerWaitTime": 90,
          "bgpDom.reConnIntvl": 60,
          "bgpDom.rn": "dom-default",
          "bgpDom.rtrId": "172.31.201.23",
          "bgpEntity.adminSt": "enabled",
          "bgpEntity.name": "bgp",
          "bgpEntity.rn": "bgp",
          "bgpInst.adminSt": "enabled",
          "bgpInst.affGrpActv": 0,
          "bgpInst.asn": 64911,
          "bgpInst.ctrl": "fastExtFallover",
          "bgpInst.disPolBatch": "disabled",
          "bgpInst.disPolBatchv4PfxLst": "",
          "bgpInst.disPolBatchv6PfxLst": "",
          "bgpInst.enhancedErr": "no",
          "bgpInst.fabricSoo": "unknown:unknown:0:0",
          "bgpInst.flushRoutes": "disabled",
          "bgpInst.isolate": "disabled",
          "bgpInst.medDampIntvl": 0,
          "bgpInst.name": "bgp",
          "bgpInst.nhSupprDefRes": "disabled",
          "bgpInst.rn": "inst",
          "bgpPeer.addr": "172.31.254.102",
          "bgpPeer.adminSt": "enabled",
          "bgpPeer.affGrp": 0,
          "bgpPeer.asn": "",
          "bgpPeer.bmpSrvId1St": "disabled",
          "bgpPeer.bmpSrvId2St": "disabled",
          "bgpPeer.capSuppr4ByteAsn": "disabled",
          "bgpPeer.connMode": "",
          "bgpPeer.ctrl": "",
          "bgpPeer.dscp": "cs6",
          "bgpPeer.dynRtMap": "",
          "bgpPeer.epe": "disabled",
          "bgpPeer.epePeerSet": "",
          "bgpPeer.holdIntvl": 180,
          "bgpPeer.inheritContPeerCtrl": "",
          "bgpPeer.kaIntvl": 60,
          "bgpPeer.logNbrChgs": "none",
          "bgpPeer.lowMemExempt": "disabled",
          "bgpPeer.maxPeerCnt": 0,
          "bgpPeer.name": "SKO-DATA-AG-011-H04-01-INT",
          "bgpPeer.passwdType": "LINE",
          "bgpPeer.password": "",
          "bgpPeer.peerImp": "SPINE-PEERS",
          "bgpPeer.peerType": "fabric-internal",
          "bgpPeer.privateASctrl": "none",
          "bgpPeer.rn": "peer-[172.31.254.102]",
          "bgpPeer.sessionContImp": "",
          "bgpPeer.srcIf": "unspecified",
          "bgpPeer.ttl": 0,
          "bgpPeer.ttlScrtyHops": 0,
          "topSystem.dn": "sys",
          "topSystem.name": "MPOD-Leaf-01",
          "totalCount": 1
        },
        {
          "bgpDom.allocIndex": 0,
          "bgpDom.always": "disabled",
          "bgpDom.bestPathIntvl": 300,
          "bgpDom.clusterId": "",
          "bgpDom.holdIntvl": 180,
          "bgpDom.kaIntvl": 60,
          "bgpDom.localAsn": "",
          "bgpDom.maxAsLimit": 0,
          "bgpDom.mode": "fabric",
          "bgpDom.name": "default",
          "bgpDom.pfxPeerTimeout": 90,
          "bgpDom.pfxPeerWaitTime": 90,
          "bgpDom.reConnIntvl": 60,
          "bgpDom.rn": "dom-default",
          "bgpDom.rtrId": "172.31.201.23",
          "bgpEntity.adminSt": "enabled",
          "bgpEntity.name": "bgp",
          "bgpEntity.rn": "bgp",
          "bgpInst.adminSt": "enabled",
          "bgpInst.affGrpActv": 0,
          "bgpInst.asn": 64911,
          "bgpInst.ctrl": "fastExtFallover",
          "bgpInst.disPolBatch": "disabled",
          "bgpInst.disPolBatchv4PfxLst": "",
          "bgpInst.disPolBatchv6PfxLst": "",
          "bgpInst.enhancedErr": "no",
          "bgpInst.fabricSoo": "unknown:unknown:0:0",
          "bgpInst.flushRoutes": "disabled",
          "bgpInst.isolate": "disabled",
          "bgpInst.medDampIntvl": 0,
          "bgpInst.name": "bgp",
          "bgpInst.nhSupprDefRes": "disabled",
          "bgpInst.rn": "inst",
          "bgpPeer.addr": "172.31.254.103",
          "bgpPeer.adminSt": "enabled",
          "bgpPeer.affGrp": 0,
          "bgpPeer.asn": "",
          "bgpPeer.bmpSrvId1St": "disabled",
          "bgpPeer.bmpSrvId2St": "disabled",
          "bgpPeer.capSuppr4ByteAsn": "disabled",
          "bgpPeer.connMode": "",
          "bgpPeer.ctrl": "",
          "bgpPeer.dscp": "cs6",
          "bgpPeer.dynRtMap": "",
          "bgpPeer.epe": "disabled",
          "bgpPeer.epePeerSet": "",
          "bgpPeer.holdIntvl": 180,
          "bgpPeer.inheritContPeerCtrl": "",
          "bgpPeer.kaIntvl": 60,
          "bgpPeer.logNbrChgs": "none",
          "bgpPeer.lowMemExempt": "disabled",
          "bgpPeer.maxPeerCnt": 0,
          "bgpPeer.name": "SKO-DATA-AG-011-G04-01-INT",
          "bgpPeer.passwdType": "LINE",
          "bgpPeer.password": "",
          "bgpPeer.peerImp": "SPINE-PEERS",
          "bgpPeer.peerType": "fabric-internal",
          "bgpPeer.privateASctrl": "none",
          "bgpPeer.rn": "peer-[172.31.254.103]",
          "bgpPeer.sessionContImp": "",
          "bgpPeer.srcIf": "unspecified",
          "bgpPeer.ttl": 0,
          "bgpPeer.ttlScrtyHops": 0,
          "topSystem.dn": "sys",
          "topSystem.name": "MPOD-Leaf-01",
          "totalCount": 1
        },
        {
          "bgpDom.allocIndex": 0,
          "bgpDom.always": "disabled",
          "bgpDom.bestPathIntvl": 300,
          "bgpDom.clusterId": "",
          "bgpDom.holdIntvl": 180,
          "bgpDom.kaIntvl": 60,
          "bgpDom.localAsn": "",
          "bgpDom.maxAsLimit": 0,
          "bgpDom.mode": "fabric",
          "bgpDom.name": "default",
          "bgpDom.pfxPeerTimeout": 90,
          "bgpDom.pfxPeerWaitTime": 90,
          "bgpDom.reConnIntvl": 60,
          "bgpDom.rn": "dom-default",
          "bgpDom.rtrId": "172.31.201.23",
          "bgpEntity.adminSt": "enabled",
          "bgpEntity.name": "bgp",
          "bgpEntity.rn": "bgp",
          "bgpInst.adminSt": "enabled",
          "bgpInst.affGrpActv": 0,
          "bgpInst.asn": 64911,
          "bgpInst.ctrl": "fastExtFallover",
          "bgpInst.disPolBatch": "disabled",
          "bgpInst.disPolBatchv4PfxLst": "",
          "bgpInst.disPolBatchv6PfxLst": "",
          "bgpInst.enhancedErr": "no",
          "bgpInst.fabricSoo": "unknown:unknown:0:0",
          "bgpInst.flushRoutes": "disabled",
          "bgpInst.isolate": "disabled",
          "bgpInst.medDampIntvl": 0,
          "bgpInst.name": "bgp",
          "bgpInst.nhSupprDefRes": "disabled",
          "bgpInst.rn": "inst",
          "bgpPeer.addr": "172.31.254.101",
          "bgpPeer.adminSt": "enabled",
          "bgpPeer.affGrp": 0,
          "bgpPeer.asn": "",
          "bgpPeer.bmpSrvId1St": "disabled",
          "bgpPeer.bmpSrvId2St": "disabled",
          "bgpPeer.capSuppr4ByteAsn": "disabled",
          "bgpPeer.connMode": "",
          "bgpPeer.ctrl": "",
          "bgpPeer.dscp": "cs6",
          "bgpPeer.dynRtMap": "",
          "bgpPeer.epe": "disabled",
          "bgpPeer.epePeerSet": "",
          "bgpPeer.holdIntvl": 180,
          "bgpPeer.inheritContPeerCtrl": "",
          "bgpPeer.kaIntvl": 60,
          "bgpPeer.logNbrChgs": "none",
          "bgpPeer.lowMemExempt": "disabled",
          "bgpPeer.maxPeerCnt": 0,
          "bgpPeer.name": "SKO-DATA-AG-011-K04-01-INT",
          "bgpPeer.passwdType": "LINE",
          "bgpPeer.password": "",
          "bgpPeer.peerImp": "SPINE-PEERS",
          "bgpPeer.peerType": "fabric-internal",
          "bgpPeer.privateASctrl": "none",
          "bgpPeer.rn": "peer-[172.31.254.101]",
          "bgpPeer.sessionContImp": "",
          "bgpPeer.srcIf": "unspecified",
          "bgpPeer.ttl": 0,
          "bgpPeer.ttlScrtyHops": 0,
          "topSystem.dn": "sys",
          "topSystem.name": "MPOD-Leaf-01",
          "totalCount": 1
        },
        {
          "bgpDom.allocIndex": 0,
          "bgpDom.always": "disabled",
          "bgpDom.bestPathIntvl": 300,
          "bgpDom.clusterId": "",
          "bgpDom.holdIntvl": 180,
          "bgpDom.kaIntvl": 60,
          "bgpDom.localAsn": "",
          "bgpDom.maxAsLimit": 0,
          "bgpDom.mode": "fabric",
          "bgpDom.name": "iAZ",
          "bgpDom.pfxPeerTimeout": 90,
          "bgpDom.pfxPeerWaitTime": 90,
          "bgpDom.reConnIntvl": 60,
          "bgpDom.rn": "dom-iAZ",
          "bgpDom.rtrId": "0.0.0.0",
          "bgpEntity.adminSt": "enabled",
          "bgpEntity.name": "bgp",
          "bgpEntity.rn": "bgp",
          "bgpInst.adminSt": "enabled",
          "bgpInst.affGrpActv": 0,
          "bgpInst.asn": 64911,
          "bgpInst.ctrl": "fastExtFallover",
          "bgpInst.disPolBatch": "disabled",
          "bgpInst.disPolBatchv4PfxLst": "",
          "bgpInst.disPolBatchv6PfxLst": "",
          "bgpInst.enhancedErr": "no",
          "bgpInst.fabricSoo": "unknown:unknown:0:0",
          "bgpInst.flushRoutes": "disabled",
          "bgpInst.isolate": "disabled",
          "bgpInst.medDampIntvl": 0,
          "bgpInst.name": "bgp",
          "bgpInst.nhSupprDefRes": "disabled",
          "bgpInst.rn": "inst",
          "bgpPeer.addr": "100.24.80.1",
          "bgpPeer.adminSt": "enabled",
          "bgpPeer.affGrp": 0,
          "bgpPeer.asn": "",
          "bgpPeer.bmpSrvId1St": "disabled",
          "bgpPeer.bmpSrvId2St": "disabled",
          "bgpPeer.capSuppr4ByteAsn": "disabled",
          "bgpPeer.connMode": "",
          "bgpPeer.ctrl": "",
          "bgpPeer.dscp": "cs6",
          "bgpPeer.dynRtMap": "",
          "bgpPeer.epe": "disabled",
          "bgpPeer.epePeerSet": "",
          "bgpPeer.holdIntvl": 180,
          "bgpPeer.inheritContPeerCtrl": "",
          "bgpPeer.kaIntvl": 60,
          "bgpPeer.logNbrChgs": "none",
          "bgpPeer.lowMemExempt": "disabled",
          "bgpPeer.maxPeerCnt": 0,
          "bgpPeer.name": "iBGP_with_LEAF_at_VPC_pair",
          "bgpPeer.passwdType": "LINE",
          "bgpPeer.password": "",
          "bgpPeer.peerImp": "VPC-PEERS",
          "bgpPeer.peerType": "fabric-internal",
          "bgpPeer.privateASctrl": "none",
          "bgpPeer.rn": "peer-[100.24.80.1]",
          "bgpPeer.sessionContImp": "",
          "bgpPeer.srcIf": "unspecified",
          "bgpPeer.ttl": 0,
          "bgpPeer.ttlScrtyHops": 0,
          "topSystem.dn": "sys",
          "topSystem.name": "MPOD-Leaf-01",
          "totalCount": 1
        },
        {
          "bgpDom.allocIndex": 0,
          "bgpDom.always": "disabled",
          "bgpDom.bestPathIntvl": 300,
          "bgpDom.clusterId": "",
          "bgpDom.holdIntvl": 180,
          "bgpDom.kaIntvl": 60,
          "bgpDom.localAsn": "",
          "bgpDom.maxAsLimit": 0,
          "bgpDom.mode": "fabric",
          "bgpDom.name": "iAZ",
          "bgpDom.pfxPeerTimeout": 90,
          "bgpDom.pfxPeerWaitTime": 90,
          "bgpDom.reConnIntvl": 60,
          "bgpDom.rn": "dom-iAZ",
          "bgpDom.rtrId": "0.0.0.0",
          "bgpEntity.adminSt": "enabled",
          "bgpEntity.name": "bgp",
          "bgpEntity.rn": "bgp",
          "bgpInst.adminSt": "enabled",
          "bgpInst.affGrpActv": 0,
          "bgpInst.asn": 64911,
          "bgpInst.ctrl": "fastExtFallover",
          "bgpInst.disPolBatch": "disabled",
          "bgpInst.disPolBatchv4PfxLst": "",
          "bgpInst.disPolBatchv6PfxLst": "",
          "bgpInst.enhancedErr": "no",
          "bgpInst.fabricSoo": "unknown:unknown:0:0",
          "bgpInst.flushRoutes": "disabled",
          "bgpInst.isolate": "disabled",
          "bgpInst.medDampIntvl": 0,
          "bgpInst.name": "bgp",
          "bgpInst.nhSupprDefRes": "disabled",
          "bgpInst.rn": "inst",
          "bgpPeer.addr": "100.24.80.3",
          "bgpPeer.adminSt": "enabled",
          "bgpPeer.affGrp": 0,
          "bgpPeer.asn": 63000,
          "bgpPeer.bmpSrvId1St": "disabled",
          "bgpPeer.bmpSrvId2St": "disabled",
          "bgpPeer.capSuppr4ByteAsn": "disabled",
          "bgpPeer.connMode": "",
          "bgpPeer.ctrl": "",
          "bgpPeer.dscp": "cs6",
          "bgpPeer.dynRtMap": "",
          "bgpPeer.epe": "disabled",
          "bgpPeer.epePeerSet": "",
          "bgpPeer.holdIntvl": 180,
          "bgpPeer.inheritContPeerCtrl": "",
          "bgpPeer.kaIntvl": 60,
          "bgpPeer.logNbrChgs": "none",
          "bgpPeer.lowMemExempt": "disabled",
          "bgpPeer.maxPeerCnt": 0,
          "bgpPeer.name": "eBGP_for_LB_L3_termination",
          "bgpPeer.passwdType": "LINE",
          "bgpPeer.password": "",
          "bgpPeer.peerImp": "LB-PEERS",
          "bgpPeer.peerType": "fabric-internal",
          "bgpPeer.privateASctrl": "none",
          "bgpPeer.rn": "peer-[100.24.80.3]",
          "bgpPeer.sessionContImp": "",
          "bgpPeer.srcIf": "unspecified",
          "bgpPeer.ttl": 0,
          "bgpPeer.ttlScrtyHops": 0,
          "topSystem.dn": "sys",
          "topSystem.name": "MPOD-Leaf-01",
          "totalCount": 1
        }
      ],
      "bgpPeerCont": [
        {
          "bgpDom.allocIndex": 0,
          "bgpDom.always": "disabled",
          "bgpDom.bestPathIntvl": 300,
          "bgpDom.clusterId": "",
          "bgpDom.holdIntvl": 180,
          "bgpDom.kaIntvl": 60,
          "bgpDom.localAsn": "",
          "bgpDom.maxAsLimit": 0,
          "bgpDom.mode": "fabric",
          "bgpDom.name": "default",
          "bgpDom.pfxPeerTimeout": 90,
          "bgpDom.pfxPeerWaitTime": 90,
          "bgpDom.reConnIntvl": 60,
          "bgpDom.rn": "dom-default",
          "bgpDom.rtrId": "172.31.201.23",
          "bgpEntity.adminSt": "enabled",
          "bgpEntity.name": "bgp",
          "bgpEntity.rn": "bgp",
          "bgpInst.adminSt": "enabled",
          "bgpInst.affGrpActv": 0,
          "bgpInst.asn": 64911,
          "bgpInst.ctrl": "fastExtFallover",
          "bgpInst.disPolBatch": "disabled",
          "bgpInst.disPolBatchv4PfxLst": "",
          "bgpInst.disPolBatchv6PfxLst": "",
          "bgpInst.enhancedErr": "no",
          "bgpInst.fabricSoo": "unknown:unknown:0:0",
          "bgpInst.flushRoutes": "disabled",
          "bgpInst.isolate": "disabled",
          "bgpInst.medDampIntvl": 0,
          "bgpInst.name": "bgp",
          "bgpInst.nhSupprDefRes": "disabled",
          "bgpInst.rn": "inst",
          "bgpPeerAf.advGwIp": "enabled",
          "bgpPeerAf.advIntvl": 0,
          "bgpPeerAf.advLocalLblRt": "enabled",
          "bgpPeerAf.allowedSelfAsCnt": 0,
          "bgpPeerAf.asOverride": "disabled",
          "bgpPeerAf.capAddlPaths": "",
          "bgpPeerAf.ctrl": "nh-self",
          "bgpPeerAf.defOrg": "disabled",
          "bgpPeerAf.defOrgRtMap": "",
          "bgpPeerAf.encapMpls": "disabled",
          "bgpPeerAf.inheritContPeerPolicyCtrl": "",
          "bgpPeerAf.name": "bgp-PeerAf",
          "bgpPeerAf.nhSelfAll": "no",
          "bgpPeerAf.nhThirdparty": "enabled",
          "bgpPeerAf.rewriteRtAsn": "disabled",
          "bgpPeerAf.rn": "af-[ipv4-ucast]",
          "bgpPeerAf.sendComExt": "enabled",
          "bgpPeerAf.sendComStd": "enabled",
          "bgpPeerAf.softReconfigBackup": "none",
          "bgpPeerAf.soo": "unknown:unknown:0:0",
          "bgpPeerAf.type": "ipv4-ucast",
          "bgpPeerAf.unSupprMap": "",
          "bgpPeerAf.wght": "",
          "bgpPeerCont.adminSt": "enabled",
          "bgpPeerCont.affGrp": 0,
          "bgpPeerCont.asn": 64911,
          "bgpPeerCont.bmpSrvId1St": "disabled",
          "bgpPeerCont.bmpSrvId2St": "disabled",
          "bgpPeerCont.capSuppr4ByteAsn": "disabled",
          "bgpPeerCont.connMode": "",
          "bgpPeerCont.ctrl": "bfd",
          "bgpPeerCont.desc": "",
          "bgpPeerCont.dscp": "cs6",
          "bgpPeerCont.epe": "disabled",
          "bgpPeerCont.epePeerSet": "",
          "bgpPeerCont.holdIntvl": 180,
          "bgpPeerCont.inheritContPeerCtrl": "",
          "bgpPeerCont.kaIntvl": 60,
          "bgpPeerCont.logNbrChgs": "none",
          "bgpPeerCont.lowMemExempt": "disabled",
          "bgpPeerCont.name": "VPC-PEERS",
          "bgpPeerCont.passwdType": "LINE",
          "bgpPeerCont.password": "",
          "bgpPeerCont.peerType": "fabric-internal",
          "bgpPeerCont.privateASctrl": "none",
          "bgpPeerCont.rn": "peercont-VPC-PEERS",
          "bgpPeerCont.sessionContImp": "",
          "bgpPeerCont.srcIf": "unspecified",
          "bgpPeerCont.ttl": 0,
          "bgpPeerCont.ttlScrtyHops": 0,
          "topSystem.dn": "sys",
          "topSystem.name": "MPOD-Leaf-01",
          "totalCount": 1
        },
        {
          "bgpDom.allocIndex": 0,
          "bgpDom.always": "disabled",
          "bgpDom.bestPathIntvl": 300,
          "bgpDom.clusterId": "",
          "bgpDom.holdIntvl": 180,
          "bgpDom.kaIntvl": 60,
          "bgpDom.localAsn": "",
          "bgpDom.maxAsLimit": 0,
          "bgpDom.mode": "fabric",
          "bgpDom.name": "default",
          "bgpDom.pfxPeerTimeout": 90,
          "bgpDom.pfxPeerWaitTime": 90,
          "bgpDom.reConnIntvl": 60,
          "bgpDom.rn": "dom-default",
          "bgpDom.rtrId": "172.31.201.23",
          "bgpEntity.adminSt": "enabled",
          "bgpEntity.name": "bgp",
          "bgpEntity.rn": "bgp",
          "bgpInst.adminSt": "enabled",
          "bgpInst.affGrpActv": 0,
          "bgpInst.asn": 64911,
          "bgpInst.ctrl": "fastExtFallover",
          "bgpInst.disPolBatch": "disabled",
          "bgpInst.disPolBatchv4PfxLst": "",
          "bgpInst.disPolBatchv6PfxLst": "",
          "bgpInst.enhancedErr": "no",
          "bgpInst.fabricSoo": "unknown:unknown:0:0",
          "bgpInst.flushRoutes": "disabled",
          "bgpInst.isolate": "disabled",
          "bgpInst.medDampIntvl": 0,
          "bgpInst.name": "bgp",
          "bgpInst.nhSupprDefRes": "disabled",
          "bgpInst.rn": "inst",
          "bgpPeerAf.advGwIp": "enabled",
          "bgpPeerAf.advIntvl": 0,
          "bgpPeerAf.advLocalLblRt": "enabled",
          "bgpPeerAf.allowedSelfAsCnt": 0,
          "bgpPeerAf.asOverride": "disabled",
          "bgpPeerAf.capAddlPaths": "",
          "bgpPeerAf.ctrl": "",
          "bgpPeerAf.defOrg": "disabled",
          "bgpPeerAf.defOrgRtMap": "",
          "bgpPeerAf.encapMpls": "disabled",
          "bgpPeerAf.inheritContPeerPolicyCtrl": "",
          "bgpPeerAf.name": "bgp-PeerAf",
          "bgpPeerAf.nhSelfAll": "no",
          "bgpPeerAf.nhThirdparty": "enabled",
          "bgpPeerAf.rewriteRtAsn": "disabled",
          "bgpPeerAf.rn": "af-[ipv4-ucast]",
          "bgpPeerAf.sendComExt": "disabled",
          "bgpPeerAf.sendComStd": "disabled",
          "bgpPeerAf.softReconfigBackup": "none",
          "bgpPeerAf.soo": "unknown:unknown:0:0",
          "bgpPeerAf.type": "ipv4-ucast",
          "bgpPeerAf.unSupprMap": "",
          "bgpPeerAf.wght": "",
          "bgpPeerCont.adminSt": "enabled",
          "bgpPeerCont.affGrp": 0,
          "bgpPeerCont.asn": 64911,
          "bgpPeerCont.bmpSrvId1St": "disabled",
          "bgpPeerCont.bmpSrvId2St": "disabled",
          "bgpPeerCont.capSuppr4ByteAsn": "disabled",
          "bgpPeerCont.connMode": "",
          "bgpPeerCont.ctrl": "",
          "bgpPeerCont.desc": "",
          "bgpPeerCont.dscp": "cs6",
          "bgpPeerCont.epe": "disabled",
          "bgpPeerCont.epePeerSet": "",
          "bgpPeerCont.holdIntvl": 180,
          "bgpPeerCont.inheritContPeerCtrl": "",
          "bgpPeerCont.kaIntvl": 60,
          "bgpPeerCont.logNbrChgs": "none",
          "bgpPeerCont.lowMemExempt": "disabled",
          "bgpPeerCont.name": "SPINE-PEERS",
          "bgpPeerCont.passwdType": "LINE",
          "bgpPeerCont.password": "",
          "bgpPeerCont.peerType": "fabric-internal",
          "bgpPeerCont.privateASctrl": "none",
          "bgpPeerCont.rn": "peercont-SPINE-PEERS",
          "bgpPeerCont.sessionContImp": "",
          "bgpPeerCont.srcIf": "lo0",
          "bgpPeerCont.ttl": 0,
          "bgpPeerCont.ttlScrtyHops": 0,
          "topSystem.dn": "sys",
          "topSystem.name": "MPOD-Leaf-01",
          "totalCount": 1
        },
        {
          "bgpDom.allocIndex": 0,
          "bgpDom.always": "disabled",
          "bgpDom.bestPathIntvl": 300,
          "bgpDom.clusterId": "",
          "bgpDom.holdIntvl": 180,
          "bgpDom.kaIntvl": 60,
          "bgpDom.localAsn": "",
          "bgpDom.maxAsLimit": 0,
          "bgpDom.mode": "fabric",
          "bgpDom.name": "default",
          "bgpDom.pfxPeerTimeout": 90,
          "bgpDom.pfxPeerWaitTime": 90,
          "bgpDom.reConnIntvl": 60,
          "bgpDom.rn": "dom-default",
          "bgpDom.rtrId": "172.31.201.23",
          "bgpEntity.adminSt": "enabled",
          "bgpEntity.name": "bgp",
          "bgpEntity.rn": "bgp",
          "bgpInst.adminSt": "enabled",
          "bgpInst.affGrpActv": 0,
          "bgpInst.asn": 64911,
          "bgpInst.ctrl": "fastExtFallover",
          "bgpInst.disPolBatch": "disabled",
          "bgpInst.disPolBatchv4PfxLst": "",
          "bgpInst.disPolBatchv6PfxLst": "",
          "bgpInst.enhancedErr": "no",
          "bgpInst.fabricSoo": "unknown:unknown:0:0",
          "bgpInst.flushRoutes": "disabled",
          "bgpInst.isolate": "disabled",
          "bgpInst.medDampIntvl": 0,
          "bgpInst.name": "bgp",
          "bgpInst.nhSupprDefRes": "disabled",
          "bgpInst.rn": "inst",
          "bgpPeerAf.advGwIp": "enabled",
          "bgpPeerAf.advIntvl": 0,
          "bgpPeerAf.advLocalLblRt": "enabled",
          "bgpPeerAf.allowedSelfAsCnt": 0,
          "bgpPeerAf.asOverride": "disabled",
          "bgpPeerAf.capAddlPaths": "",
          "bgpPeerAf.ctrl": "",
          "bgpPeerAf.defOrg": "enabled",
          "bgpPeerAf.defOrgRtMap": "",
          "bgpPeerAf.encapMpls": "disabled",
          "bgpPeerAf.inheritContPeerPolicyCtrl": "",
          "bgpPeerAf.name": "bgp-PeerAf",
          "bgpPeerAf.nhSelfAll": "no",
          "bgpPeerAf.nhThirdparty": "enabled",
          "bgpPeerAf.rewriteRtAsn": "disabled",
          "bgpPeerAf.rn": "af-[ipv4-ucast]",
          "bgpPeerAf.sendComExt": "disabled",
          "bgpPeerAf.sendComStd": "disabled",
          "bgpPeerAf.softReconfigBackup": "none",
          "bgpPeerAf.soo": "unknown:unknown:0:0",
          "bgpPeerAf.type": "ipv4-ucast",
          "bgpPeerAf.unSupprMap": "",
          "bgpPeerAf.wght": "",
          "bgpPeerCont.adminSt": "enabled",
          "bgpPeerCont.affGrp": 0,
          "bgpPeerCont.asn": "",
          "bgpPeerCont.bmpSrvId1St": "disabled",
          "bgpPeerCont.bmpSrvId2St": "disabled",
          "bgpPeerCont.capSuppr4ByteAsn": "disabled",
          "bgpPeerCont.connMode": "",
          "bgpPeerCont.ctrl": "bfd,cap-neg-off",
          "bgpPeerCont.desc": "",
          "bgpPeerCont.dscp": "cs6",
          "bgpPeerCont.epe": "disabled",
          "bgpPeerCont.epePeerSet": "",
          "bgpPeerCont.holdIntvl": 180,
          "bgpPeerCont.inheritContPeerCtrl": "",
          "bgpPeerCont.kaIntvl": 60,
          "bgpPeerCont.logNbrChgs": "enable",
          "bgpPeerCont.lowMemExempt": "disabled",
          "bgpPeerCont.name": "LB-PEERS",
          "bgpPeerCont.passwdType": "LINE",
          "bgpPeerCont.password": "",
          "bgpPeerCont.peerType": "fabric-internal",
          "bgpPeerCont.privateASctrl": "none",
          "bgpPeerCont.rn": "peercont-LB-PEERS",
          "bgpPeerCont.sessionContImp": "",
          "bgpPeerCont.srcIf": "unspecified",
          "bgpPeerCont.ttl": 0,
          "bgpPeerCont.ttlScrtyHops": 0,
          "bgpRtCtrlP.descr": "",
          "bgpRtCtrlP.direction": "out",
          "bgpRtCtrlP.name": "",
          "bgpRtCtrlP.rn": "rtctrl-out",
          "bgpRtCtrlP.rtMap": "RM-DEF-TO-LB",
          "topSystem.dn": "sys",
          "topSystem.name": "MPOD-Leaf-01",
          "totalCount": 1
        },
        {
          "bgpDom.allocIndex": 0,
          "bgpDom.always": "disabled",
          "bgpDom.bestPathIntvl": 300,
          "bgpDom.clusterId": "",
          "bgpDom.holdIntvl": 180,
          "bgpDom.kaIntvl": 60,
          "bgpDom.localAsn": "",
          "bgpDom.maxAsLimit": 0,
          "bgpDom.mode": "fabric",
          "bgpDom.name": "default",
          "bgpDom.pfxPeerTimeout": 90,
          "bgpDom.pfxPeerWaitTime": 90,
          "bgpDom.reConnIntvl": 60,
          "bgpDom.rn": "dom-default",
          "bgpDom.rtrId": "172.31.201.23",
          "bgpEntity.adminSt": "enabled",
          "bgpEntity.name": "bgp",
          "bgpEntity.rn": "bgp",
          "bgpInst.adminSt": "enabled",
          "bgpInst.affGrpActv": 0,
          "bgpInst.asn": 64911,
          "bgpInst.ctrl": "fastExtFallover",
          "bgpInst.disPolBatch": "disabled",
          "bgpInst.disPolBatchv4PfxLst": "",
          "bgpInst.disPolBatchv6PfxLst": "",
          "bgpInst.enhancedErr": "no",
          "bgpInst.fabricSoo": "unknown:unknown:0:0",
          "bgpInst.flushRoutes": "disabled",
          "bgpInst.isolate": "disabled",
          "bgpInst.medDampIntvl": 0,
          "bgpInst.name": "bgp",
          "bgpInst.nhSupprDefRes": "disabled",
          "bgpInst.rn": "inst",
          "bgpMaxPfxP.action": "log",
          "bgpMaxPfxP.maxPfx": 300000,
          "bgpMaxPfxP.restartTime": 0,
          "bgpMaxPfxP.rn": "maxpfxp",
          "bgpMaxPfxP.thresh": 0,
          "bgpPeerAf.advGwIp": "enabled",
          "bgpPeerAf.advIntvl": 0,
          "bgpPeerAf.advLocalLblRt": "enabled",
          "bgpPeerAf.allowedSelfAsCnt": 0,
          "bgpPeerAf.asOverride": "disabled",
          "bgpPeerAf.capAddlPaths": "",
          "bgpPeerAf.ctrl": "",
          "bgpPeerAf.defOrg": "disabled",
          "bgpPeerAf.defOrgRtMap": "",
          "bgpPeerAf.encapMpls": "disabled",
          "bgpPeerAf.inheritContPeerPolicyCtrl": "",
          "bgpPeerAf.name": "bgp-PeerAf",
          "bgpPeerAf.nhSelfAll": "no",
          "bgpPeerAf.nhThirdparty": "disabled",
          "bgpPeerAf.rewriteRtAsn": "disabled",
          "bgpPeerAf.rn": "af-[l2vpn-evpn]",
          "bgpPeerAf.sendComExt": "enabled",
          "bgpPeerAf.sendComStd": "enabled",
          "bgpPeerAf.softReconfigBackup": "none",
          "bgpPeerAf.soo": "unknown:unknown:0:0",
          "bgpPeerAf.type": "l2vpn-evpn",
          "bgpPeerAf.unSupprMap": "",
          "bgpPeerAf.wght": "",
          "bgpPeerCont.adminSt": "enabled",
          "bgpPeerCont.affGrp": 0,
          "bgpPeerCont.asn": 64911,
          "bgpPeerCont.bmpSrvId1St": "disabled",
          "bgpPeerCont.bmpSrvId2St": "disabled",
          "bgpPeerCont.capSuppr4ByteAsn": "disabled",
          "bgpPeerCont.connMode": "",
          "bgpPeerCont.ctrl": "",
          "bgpPeerCont.desc": "",
          "bgpPeerCont.dscp": "cs6",
          "bgpPeerCont.epe": "disabled",
          "bgpPeerCont.epePeerSet": "",
          "bgpPeerCont.holdIntvl": 180,
          "bgpPeerCont.inheritContPeerCtrl": "",
          "bgpPeerCont.kaIntvl": 60,
          "bgpPeerCont.logNbrChgs": "none",
          "bgpPeerCont.lowMemExempt": "disabled",
          "bgpPeerCont.name": "SPINE-PEERS",
          "bgpPeerCont.passwdType": "LINE",
          "bgpPeerCont.password": "",
          "bgpPeerCont.peerType": "fabric-internal",
          "bgpPeerCont.privateASctrl": "none",
          "bgpPeerCont.rn": "peercont-SPINE-PEERS",
          "bgpPeerCont.sessionContImp": "",
          "bgpPeerCont.srcIf": "lo0",
          "bgpPeerCont.ttl": 0,
          "bgpPeerCont.ttlScrtyHops": 0,
          "topSystem.dn": "sys",
          "topSystem.name": "MPOD-Leaf-01",
          "totalCount": 1
        }
      ]
    }
  }
]